The target system is: Android - 1 - i686
The host system is: Linux - 4.19.0-9-amd64 - x86_64
Determining if the C compiler works passed with the following output:
Change Dir: /home/daniel/Pulled/minimal-android-project/.externalNativeBuild/cmake/release/x86/CMakeFiles/CMakeTmp

Run Build Command:"/usr/bin/ninja" "cmTC_9d072"
[1/2] Building C object CMakeFiles/cmTC_9d072.dir/testCCompiler.c.o
[2/2] Linking C executable cmTC_9d072


Detecting C compiler ABI info compiled with the following output:
Change Dir: /home/daniel/Pulled/minimal-android-project/.externalNativeBuild/cmake/release/x86/CMakeFiles/CMakeTmp

Run Build Command:"/usr/bin/ninja" "cmTC_4db13"
[1/2] Building C object CMakeFiles/cmTC_4db13.dir/CMakeCCompilerABI.c.o
[2/2] Linking C executable cmTC_4db13
Android clang version 3.8.256229  (based on LLVM 3.8.256229)
Target: i686-none-linux-android
Thread model: posix
InstalledDir: /usr/lib/android-ndk/toolchains/llvm/prebuilt/linux-x86_64/bin
Found candidate GCC installation: /usr/lib/android-ndk/toolchains/x86-4.9/prebuilt/linux-x86_64/lib/gcc/i686-linux-android/4.9.x
Selected GCC installation: /usr/lib/android-ndk/toolchains/x86-4.9/prebuilt/linux-x86_64/lib/gcc/i686-linux-android/4.9.x
Candidate multilib: .;@m32
Selected multilib: .;@m32
 "/usr/lib/android-ndk/toolchains/x86-4.9/prebuilt/linux-x86_64/lib/gcc/i686-linux-android/4.9.x/../../../../i686-linux-android/bin/ld" --sysroot=/usr/lib/android-ndk/platforms/android-9/arch-x86 --eh-frame-hdr -m elf_i386 -dynamic-linker /system/bin/linker -o cmTC_4db13 /usr/lib/android-ndk/platforms/android-9/arch-x86/usr/lib/crtbegin_dynamic.o -L/usr/lib/android-ndk/toolchains/x86-4.9/prebuilt/linux-x86_64/lib/gcc/i686-linux-android/4.9.x -L/usr/lib/android-ndk/toolchains/x86-4.9/prebuilt/linux-x86_64/lib/gcc/i686-linux-android/4.9.x/../../../../i686-linux-android/lib -L/usr/lib/android-ndk/platforms/android-9/arch-x86/usr/lib --build-id --warn-shared-textrel --fatal-warnings --no-undefined -z noexecstack -z relro -z now --gc-sections -z nocopyreloc --build-id --warn-shared-textrel --fatal-warnings --no-undefined -z noexecstack -z relro -z now --gc-sections -z nocopyreloc CMakeFiles/cmTC_4db13.dir/CMakeCCompilerABI.c.o -lgcc -ldl -lc -lgcc -ldl /usr/lib/android-ndk/platforms/android-9/arch-x86/usr/lib/crtend_android.o


Parsed C implicit link information from above output:
  link line regex: [^( *|.*[/\])(i686-linux-android-ld|CMAKE_LINK_STARTFILE-NOTFOUND|([^/\]+-)?ld|collect2)[^/\]*( |$)]
  ignore line: [Change Dir: /home/daniel/Pulled/minimal-android-project/.externalNativeBuild/cmake/release/x86/CMakeFiles/CMakeTmp]
  ignore line: []
  ignore line: [Run Build Command:"/usr/bin/ninja" "cmTC_4db13"]
  ignore line: [[1/2] Building C object CMakeFiles/cmTC_4db13.dir/CMakeCCompilerABI.c.o]
  ignore line: [[2/2] Linking C executable cmTC_4db13]
  ignore line: [Android clang version 3.8.256229  (based on LLVM 3.8.256229)]
  ignore line: [Target: i686-none-linux-android]
  ignore line: [Thread model: posix]
  ignore line: [InstalledDir: /usr/lib/android-ndk/toolchains/llvm/prebuilt/linux-x86_64/bin]
  ignore line: [Found candidate GCC installation: /usr/lib/android-ndk/toolchains/x86-4.9/prebuilt/linux-x86_64/lib/gcc/i686-linux-android/4.9.x]
  ignore line: [Selected GCC installation: /usr/lib/android-ndk/toolchains/x86-4.9/prebuilt/linux-x86_64/lib/gcc/i686-linux-android/4.9.x]
  ignore line: [Candidate multilib: .]
  ignore line: [@m32]
  ignore line: [Selected multilib: .]
  ignore line: [@m32]
  link line: [ "/usr/lib/android-ndk/toolchains/x86-4.9/prebuilt/linux-x86_64/lib/gcc/i686-linux-android/4.9.x/../../../../i686-linux-android/bin/ld" --sysroot=/usr/lib/android-ndk/platforms/android-9/arch-x86 --eh-frame-hdr -m elf_i386 -dynamic-linker /system/bin/linker -o cmTC_4db13 /usr/lib/android-ndk/platforms/android-9/arch-x86/usr/lib/crtbegin_dynamic.o -L/usr/lib/android-ndk/toolchains/x86-4.9/prebuilt/linux-x86_64/lib/gcc/i686-linux-android/4.9.x -L/usr/lib/android-ndk/toolchains/x86-4.9/prebuilt/linux-x86_64/lib/gcc/i686-linux-android/4.9.x/../../../../i686-linux-android/lib -L/usr/lib/android-ndk/platforms/android-9/arch-x86/usr/lib --build-id --warn-shared-textrel --fatal-warnings --no-undefined -z noexecstack -z relro -z now --gc-sections -z nocopyreloc --build-id --warn-shared-textrel --fatal-warnings --no-undefined -z noexecstack -z relro -z now --gc-sections -z nocopyreloc CMakeFiles/cmTC_4db13.dir/CMakeCCompilerABI.c.o -lgcc -ldl -lc -lgcc -ldl /usr/lib/android-ndk/platforms/android-9/arch-x86/usr/lib/crtend_android.o]
    arg [/usr/lib/android-ndk/toolchains/x86-4.9/prebuilt/linux-x86_64/lib/gcc/i686-linux-android/4.9.x/../../../../i686-linux-android/bin/ld] ==> ignore
    arg [--sysroot=/usr/lib/android-ndk/platforms/android-9/arch-x86] ==> ignore
    arg [--eh-frame-hdr] ==> ignore
    arg [-m] ==> ignore
    arg [elf_i386] ==> ignore
    arg [-dynamic-linker] ==> ignore
    arg [/system/bin/linker] ==> ignore
    arg [-o] ==> ignore
    arg [cmTC_4db13] ==> ignore
    arg [/usr/lib/android-ndk/platforms/android-9/arch-x86/usr/lib/crtbegin_dynamic.o] ==> ignore
    arg [-L/usr/lib/android-ndk/toolchains/x86-4.9/prebuilt/linux-x86_64/lib/gcc/i686-linux-android/4.9.x] ==> dir [/usr/lib/android-ndk/toolchains/x86-4.9/prebuilt/linux-x86_64/lib/gcc/i686-linux-android/4.9.x]
    arg [-L/usr/lib/android-ndk/toolchains/x86-4.9/prebuilt/linux-x86_64/lib/gcc/i686-linux-android/4.9.x/../../../../i686-linux-android/lib] ==> dir [/usr/lib/android-ndk/toolchains/x86-4.9/prebuilt/linux-x86_64/lib/gcc/i686-linux-android/4.9.x/../../../../i686-linux-android/lib]
    arg [-L/usr/lib/android-ndk/platforms/android-9/arch-x86/usr/lib] ==> dir [/usr/lib/android-ndk/platforms/android-9/arch-x86/usr/lib]
    arg [--build-id] ==> ignore
    arg [--warn-shared-textrel] ==> ignore
    arg [--fatal-warnings] ==> ignore
    arg [--no-undefined] ==> ignore
    arg [-znoexecstack] ==> ignore
    arg [-zrelro] ==> ignore
    arg [-znow] ==> ignore
    arg [--gc-sections] ==> ignore
    arg [-znocopyreloc] ==> ignore
    arg [--build-id] ==> ignore
    arg [--warn-shared-textrel] ==> ignore
    arg [--fatal-warnings] ==> ignore
    arg [--no-undefined] ==> ignore
    arg [-znoexecstack] ==> ignore
    arg [-zrelro] ==> ignore
    arg [-znow] ==> ignore
    arg [--gc-sections] ==> ignore
    arg [-znocopyreloc] ==> ignore
    arg [CMakeFiles/cmTC_4db13.dir/CMakeCCompilerABI.c.o] ==> ignore
    arg [-lgcc] ==> lib [gcc]
    arg [-ldl] ==> lib [dl]
    arg [-lc] ==> lib [c]
    arg [-lgcc] ==> lib [gcc]
    arg [-ldl] ==> lib [dl]
    arg [/usr/lib/android-ndk/platforms/android-9/arch-x86/usr/lib/crtend_android.o] ==> ignore
  collapse library dir [/usr/lib/android-ndk/toolchains/x86-4.9/prebuilt/linux-x86_64/lib/gcc/i686-linux-android/4.9.x] ==> [/usr/lib/android-ndk/toolchains/x86-4.9/prebuilt/linux-x86_64/lib/gcc/i686-linux-android/4.9.x]
  collapse library dir [/usr/lib/android-ndk/toolchains/x86-4.9/prebuilt/linux-x86_64/lib/gcc/i686-linux-android/4.9.x/../../../../i686-linux-android/lib] ==> [/usr/lib/android-ndk/toolchains/x86-4.9/prebuilt/linux-x86_64/i686-linux-android/lib]
  collapse library dir [/usr/lib/android-ndk/platforms/android-9/arch-x86/usr/lib] ==> [/usr/lib/android-ndk/platforms/android-9/arch-x86/usr/lib]
  implicit libs: [gcc;dl;c;gcc;dl]
  implicit dirs: [/usr/lib/android-ndk/toolchains/x86-4.9/prebuilt/linux-x86_64/lib/gcc/i686-linux-android/4.9.x;/usr/lib/android-ndk/toolchains/x86-4.9/prebuilt/linux-x86_64/i686-linux-android/lib;/usr/lib/android-ndk/platforms/android-9/arch-x86/usr/lib]
  implicit fwks: []


Determining if the CXX compiler works passed with the following output:
Change Dir: /home/daniel/Pulled/minimal-android-project/.externalNativeBuild/cmake/release/x86/CMakeFiles/CMakeTmp

Run Build Command:"/usr/bin/ninja" "cmTC_3db31"
[1/2] Building CXX object CMakeFiles/cmTC_3db31.dir/testCXXCompiler.cxx.o
[2/2] Linking CXX executable cmTC_3db31


Detecting CXX compiler ABI info compiled with the following output:
Change Dir: /home/daniel/Pulled/minimal-android-project/.externalNativeBuild/cmake/release/x86/CMakeFiles/CMakeTmp

Run Build Command:"/usr/bin/ninja" "cmTC_54dd7"
[1/2] Building CXX object CMakeFiles/cmTC_54dd7.dir/CMakeCXXCompilerABI.cpp.o
[2/2] Linking CXX executable cmTC_54dd7
Android clang version 3.8.256229  (based on LLVM 3.8.256229)
Target: i686-none-linux-android
Thread model: posix
InstalledDir: /usr/lib/android-ndk/toolchains/llvm/prebuilt/linux-x86_64/bin
Found candidate GCC installation: /usr/lib/android-ndk/toolchains/x86-4.9/prebuilt/linux-x86_64/lib/gcc/i686-linux-android/4.9.x
Selected GCC installation: /usr/lib/android-ndk/toolchains/x86-4.9/prebuilt/linux-x86_64/lib/gcc/i686-linux-android/4.9.x
Candidate multilib: .;@m32
Selected multilib: .;@m32
 "/usr/lib/android-ndk/toolchains/x86-4.9/prebuilt/linux-x86_64/lib/gcc/i686-linux-android/4.9.x/../../../../i686-linux-android/bin/ld" --sysroot=/usr/lib/android-ndk/platforms/android-9/arch-x86 --eh-frame-hdr -m elf_i386 -dynamic-linker /system/bin/linker -o cmTC_54dd7 /usr/lib/android-ndk/platforms/android-9/arch-x86/usr/lib/crtbegin_dynamic.o -L/usr/lib/android-ndk/toolchains/x86-4.9/prebuilt/linux-x86_64/lib/gcc/i686-linux-android/4.9.x -L/usr/lib/android-ndk/toolchains/x86-4.9/prebuilt/linux-x86_64/lib/gcc/i686-linux-android/4.9.x/../../../../i686-linux-android/lib -L/usr/lib/android-ndk/platforms/android-9/arch-x86/usr/lib --build-id --warn-shared-textrel --fatal-warnings --no-undefined -z noexecstack -z relro -z now --gc-sections -z nocopyreloc --build-id --warn-shared-textrel --fatal-warnings --no-undefined -z noexecstack -z relro -z now --gc-sections -z nocopyreloc CMakeFiles/cmTC_54dd7.dir/CMakeCXXCompilerABI.cpp.o -lstdc++ -lm -lgcc -lgcc -ldl -lc -lgcc -lgcc -ldl /usr/lib/android-ndk/platforms/android-9/arch-x86/usr/lib/crtend_android.o


Parsed CXX implicit link information from above output:
  link line regex: [^( *|.*[/\])(i686-linux-android-ld|CMAKE_LINK_STARTFILE-NOTFOUND|([^/\]+-)?ld|collect2)[^/\]*( |$)]
  ignore line: [Change Dir: /home/daniel/Pulled/minimal-android-project/.externalNativeBuild/cmake/release/x86/CMakeFiles/CMakeTmp]
  ignore line: []
  ignore line: [Run Build Command:"/usr/bin/ninja" "cmTC_54dd7"]
  ignore line: [[1/2] Building CXX object CMakeFiles/cmTC_54dd7.dir/CMakeCXXCompilerABI.cpp.o]
  ignore line: [[2/2] Linking CXX executable cmTC_54dd7]
  ignore line: [Android clang version 3.8.256229  (based on LLVM 3.8.256229)]
  ignore line: [Target: i686-none-linux-android]
  ignore line: [Thread model: posix]
  ignore line: [InstalledDir: /usr/lib/android-ndk/toolchains/llvm/prebuilt/linux-x86_64/bin]
  ignore line: [Found candidate GCC installation: /usr/lib/android-ndk/toolchains/x86-4.9/prebuilt/linux-x86_64/lib/gcc/i686-linux-android/4.9.x]
  ignore line: [Selected GCC installation: /usr/lib/android-ndk/toolchains/x86-4.9/prebuilt/linux-x86_64/lib/gcc/i686-linux-android/4.9.x]
  ignore line: [Candidate multilib: .]
  ignore line: [@m32]
  ignore line: [Selected multilib: .]
  ignore line: [@m32]
  link line: [ "/usr/lib/android-ndk/toolchains/x86-4.9/prebuilt/linux-x86_64/lib/gcc/i686-linux-android/4.9.x/../../../../i686-linux-android/bin/ld" --sysroot=/usr/lib/android-ndk/platforms/android-9/arch-x86 --eh-frame-hdr -m elf_i386 -dynamic-linker /system/bin/linker -o cmTC_54dd7 /usr/lib/android-ndk/platforms/android-9/arch-x86/usr/lib/crtbegin_dynamic.o -L/usr/lib/android-ndk/toolchains/x86-4.9/prebuilt/linux-x86_64/lib/gcc/i686-linux-android/4.9.x -L/usr/lib/android-ndk/toolchains/x86-4.9/prebuilt/linux-x86_64/lib/gcc/i686-linux-android/4.9.x/../../../../i686-linux-android/lib -L/usr/lib/android-ndk/platforms/android-9/arch-x86/usr/lib --build-id --warn-shared-textrel --fatal-warnings --no-undefined -z noexecstack -z relro -z now --gc-sections -z nocopyreloc --build-id --warn-shared-textrel --fatal-warnings --no-undefined -z noexecstack -z relro -z now --gc-sections -z nocopyreloc CMakeFiles/cmTC_54dd7.dir/CMakeCXXCompilerABI.cpp.o -lstdc++ -lm -lgcc -lgcc -ldl -lc -lgcc -lgcc -ldl /usr/lib/android-ndk/platforms/android-9/arch-x86/usr/lib/crtend_android.o]
    arg [/usr/lib/android-ndk/toolchains/x86-4.9/prebuilt/linux-x86_64/lib/gcc/i686-linux-android/4.9.x/../../../../i686-linux-android/bin/ld] ==> ignore
    arg [--sysroot=/usr/lib/android-ndk/platforms/android-9/arch-x86] ==> ignore
    arg [--eh-frame-hdr] ==> ignore
    arg [-m] ==> ignore
    arg [elf_i386] ==> ignore
    arg [-dynamic-linker] ==> ignore
    arg [/system/bin/linker] ==> ignore
    arg [-o] ==> ignore
    arg [cmTC_54dd7] ==> ignore
    arg [/usr/lib/android-ndk/platforms/android-9/arch-x86/usr/lib/crtbegin_dynamic.o] ==> ignore
    arg [-L/usr/lib/android-ndk/toolchains/x86-4.9/prebuilt/linux-x86_64/lib/gcc/i686-linux-android/4.9.x] ==> dir [/usr/lib/android-ndk/toolchains/x86-4.9/prebuilt/linux-x86_64/lib/gcc/i686-linux-android/4.9.x]
    arg [-L/usr/lib/android-ndk/toolchains/x86-4.9/prebuilt/linux-x86_64/lib/gcc/i686-linux-android/4.9.x/../../../../i686-linux-android/lib] ==> dir [/usr/lib/android-ndk/toolchains/x86-4.9/prebuilt/linux-x86_64/lib/gcc/i686-linux-android/4.9.x/../../../../i686-linux-android/lib]
    arg [-L/usr/lib/android-ndk/platforms/android-9/arch-x86/usr/lib] ==> dir [/usr/lib/android-ndk/platforms/android-9/arch-x86/usr/lib]
    arg [--build-id] ==> ignore
    arg [--warn-shared-textrel] ==> ignore
    arg [--fatal-warnings] ==> ignore
    arg [--no-undefined] ==> ignore
    arg [-znoexecstack] ==> ignore
    arg [-zrelro] ==> ignore
    arg [-znow] ==> ignore
    arg [--gc-sections] ==> ignore
    arg [-znocopyreloc] ==> ignore
    arg [--build-id] ==> ignore
    arg [--warn-shared-textrel] ==> ignore
    arg [--fatal-warnings] ==> ignore
    arg [--no-undefined] ==> ignore
    arg [-znoexecstack] ==> ignore
    arg [-zrelro] ==> ignore
    arg [-znow] ==> ignore
    arg [--gc-sections] ==> ignore
    arg [-znocopyreloc] ==> ignore
    arg [CMakeFiles/cmTC_54dd7.dir/CMakeCXXCompilerABI.cpp.o] ==> ignore
    arg [-lstdc++] ==> lib [stdc++]
    arg [-lm] ==> lib [m]
    arg [-lgcc] ==> lib [gcc]
    arg [-lgcc] ==> lib [gcc]
    arg [-ldl] ==> lib [dl]
    arg [-lc] ==> lib [c]
    arg [-lgcc] ==> lib [gcc]
    arg [-lgcc] ==> lib [gcc]
    arg [-ldl] ==> lib [dl]
    arg [/usr/lib/android-ndk/platforms/android-9/arch-x86/usr/lib/crtend_android.o] ==> ignore
  collapse library dir [/usr/lib/android-ndk/toolchains/x86-4.9/prebuilt/linux-x86_64/lib/gcc/i686-linux-android/4.9.x] ==> [/usr/lib/android-ndk/toolchains/x86-4.9/prebuilt/linux-x86_64/lib/gcc/i686-linux-android/4.9.x]
  collapse library dir [/usr/lib/android-ndk/toolchains/x86-4.9/prebuilt/linux-x86_64/lib/gcc/i686-linux-android/4.9.x/../../../../i686-linux-android/lib] ==> [/usr/lib/android-ndk/toolchains/x86-4.9/prebuilt/linux-x86_64/i686-linux-android/lib]
  collapse library dir [/usr/lib/android-ndk/platforms/android-9/arch-x86/usr/lib] ==> [/usr/lib/android-ndk/platforms/android-9/arch-x86/usr/lib]
  implicit libs: [stdc++;m;gcc;gcc;dl;c;gcc;gcc;dl]
  implicit dirs: [/usr/lib/android-ndk/toolchains/x86-4.9/prebuilt/linux-x86_64/lib/gcc/i686-linux-android/4.9.x;/usr/lib/android-ndk/toolchains/x86-4.9/prebuilt/linux-x86_64/i686-linux-android/lib;/usr/lib/android-ndk/platforms/android-9/arch-x86/usr/lib]
  implicit fwks: []


